#
# There is insufficient memory for the Java Runtime Environment to continue.
# Native memory allocation (malloc) failed to allocate 214384 bytes for Chunk::new
# Possible reasons:
#   The system is out of physical RAM or swap space
#   The process is running with CompressedOops enabled, and the Java Heap may be blocking the growth of the native heap
# Possible solutions:
#   Reduce memory load on the system
#   Increase physical memory or swap space
#   Check if swap backing store is full
#   Decrease Java heap size (-Xmx/-Xms)
#   Decrease number of Java threads
#   Decrease Java thread stack sizes (-Xss)
#   Set larger code cache with -XX:ReservedCodeCacheSize=
#   JVM is running with Unscaled Compressed Oops mode in which the Java heap is
#     placed in the first 4GB address space. The Java Heap base address is the
#     maximum limit for the native heap growth. Please use -XX:HeapBaseMinAddress
#     to set the Java Heap base and to place the Java Heap above 4GB virtual address.
# This output file may be truncated or incomplete.
#
#  Out of Memory Error (./open/src/hotspot/share/memory/arena.cpp:195), pid=20840, tid=9664
#
# JRE version: OpenJDK Runtime Environment (15.0.2+7) (build 15.0.2+7-27)
# Java VM: OpenJDK 64-Bit Server VM (15.0.2+7-27, mixed mode, tiered, compressed oops, g1 gc, windows-amd64)
# No core dump will be written. Minidumps are not enabled by default on client versions of Windows
#

---------------  S U M M A R Y ------------

Command Line: -ea -Dfile.encoding=UTF-8 -XX:+ShowCodeDetailsInExceptionMessages org.eclipse.jdt.internal.junit.runner.RemoteTestRunner -version 3 -port 56987 -testLoaderClass org.eclipse.jdt.internal.junit4.runner.JUnit4TestLoader -loaderpluginname org.eclipse.jdt.junit4.runtime -classNames org.zerock.persistence.BoardMapperTests

Host: Intel(R) Core(TM) i5-5200U CPU @ 2.20GHz, 4 cores, 7G,  Windows 8.1 , 64 bit Build 9600 (6.3.9600.17415)
Time: Thu May  6 09:34:35 2021 ¢¥eCN©öI¡¾©ö C¡ÍA¨ª¨öA elapsed time: 1.774785 seconds (0d 0h 0m 1s)

---------------  T H R E A D  ---------------

Current thread (0x000000346542ea60):  JavaThread "C2 CompilerThread1" daemon [_thread_in_native, id=9664, stack(0x0000003465950000,0x0000003465a50000)]


Current CompileTask:
C2:   1775  927       4       java.util.jar.JarFile::getEntry (35 bytes)

Stack: [0x0000003465950000,0x0000003465a50000]
Native frames: (J=compiled Java code, j=interpreted, Vv=VM code, C=native code)
V  [jvm.dll+0x62ae9a]
V  [jvm.dll+0x7817a9]
V  [jvm.dll+0x782f03]
V  [jvm.dll+0x783563]
V  [jvm.dll+0x216325]
V  [jvm.dll+0x97f3a]
V  [jvm.dll+0x9861c]
V  [jvm.dll+0x32e305]
V  [jvm.dll+0x2f768a]
V  [jvm.dll+0x2f6a4a]
V  [jvm.dll+0x1ea705]
V  [jvm.dll+0x1e996e]
V  [jvm.dll+0x178567]
V  [jvm.dll+0x1f9225]
V  [jvm.dll+0x1f72cc]
V  [jvm.dll+0x74495d]
V  [jvm.dll+0x73d75a]
V  [jvm.dll+0x629c56]
C  [ucrtbase.DLL+0x1d912]
C  [KERNEL32.DLL+0x13d2]
C  [ntdll.dll+0x154f4]


---------------  P R O C E S S  ---------------

Threads class SMR info:
_java_thread_list=0x000000346549c7b0, length=13, elements={
0x000000344995f7e0, 0x00000034641096e0, 0x0000003464109fa0, 0x0000003464130d20,
0x00000034641315e0, 0x00000034641400f0, 0x0000003464140ce0, 0x00000034641516f0,
0x00000034641d8dd0, 0x00000034642e0f80, 0x00000034642fecc0, 0x000000346542ea60,
0x0000003465229e50
}

Java Threads: ( => current thread )
  0x000000344995f7e0 JavaThread "main" [_thread_blocked, id=12144, stack(0x00000034478b0000,0x00000034479b0000)]
  0x00000034641096e0 JavaThread "Reference Handler" daemon [_thread_blocked, id=9952, stack(0x00000034645d0000,0x00000034646d0000)]
  0x0000003464109fa0 JavaThread "Finalizer" daemon [_thread_blocked, id=12052, stack(0x00000034646d0000,0x00000034647d0000)]
  0x0000003464130d20 JavaThread "Signal Dispatcher" daemon [_thread_blocked, id=20144, stack(0x0000003464850000,0x0000003464950000)]
  0x00000034641315e0 JavaThread "Attach Listener" daemon [_thread_blocked, id=6748, stack(0x0000003464950000,0x0000003464a50000)]
  0x00000034641400f0 JavaThread "Service Thread" daemon [_thread_blocked, id=20920, stack(0x0000003464a50000,0x0000003464b50000)]
  0x0000003464140ce0 JavaThread "C2 CompilerThread0" daemon [_thread_blocked, id=5688, stack(0x0000003464b50000,0x0000003464c50000)]
  0x00000034641516f0 JavaThread "C1 CompilerThread0" daemon [_thread_blocked, id=18828, stack(0x0000003464c50000,0x0000003464d50000)]
  0x00000034641d8dd0 JavaThread "Sweeper thread" daemon [_thread_blocked, id=20136, stack(0x0000003464d50000,0x0000003464e50000)]
  0x00000034642e0f80 JavaThread "Notification Thread" daemon [_thread_blocked, id=13012, stack(0x0000003464e50000,0x0000003464f50000)]
  0x00000034642fecc0 JavaThread "Common-Cleaner" daemon [_thread_blocked, id=1156, stack(0x0000003465050000,0x0000003465150000)]
=>0x000000346542ea60 JavaThread "C2 CompilerThread1" daemon [_thread_in_native, id=9664, stack(0x0000003465950000,0x0000003465a50000)]
  0x0000003465229e50 JavaThread "ReaderThread" [_thread_in_native, id=12932, stack(0x0000003465c50000,0x0000003465d50000)]

Other Threads:
  0x00000034636cebe0 VMThread "VM Thread" [stack: 0x00000034644d0000,0x00000034645d0000] [id=8800]
  0x00000034642e5470 WatcherThread [stack: 0x0000003464f50000,0x0000003465050000] [id=19476]
  0x00000034499a0110 GCTaskThread "GC Thread#0" [stack: 0x0000003449780000,0x0000003449880000] [id=20848]
  0x0000003465e9d700 GCTaskThread "GC Thread#1" [stack: 0x0000003465d50000,0x0000003465e50000] [id=11864]
  0x0000003465e9b3f0 GCTaskThread "GC Thread#2" [stack: 0x0000003467020000,0x0000003467120000] [id=17832]
  0x0000003465e9da30 GCTaskThread "GC Thread#3" [stack: 0x0000003467120000,0x0000003467220000] [id=18896]
  0x00000034499b0e60 ConcurrentGCThread "G1 Main Marker" [stack: 0x0000003460e90000,0x0000003460f90000] [id=2264]
  0x00000034499b1810 ConcurrentGCThread "G1 Conc#0" [stack: 0x0000003460f90000,0x0000003461090000] [id=5536]
  0x00000034499ee390 ConcurrentGCThread "G1 Refine#0" [stack: 0x00000034636d0000,0x00000034637d0000] [id=18536]
  0x000000346350e120 ConcurrentGCThread "G1 Young RemSet Sampling" [stack: 0x00000034637d0000,0x00000034638d0000] [id=18992]

Threads with active compile tasks:
C2 CompilerThread0     1831  929   !   4       java.util.zip.ZipFile$Source::getEntryPos (174 bytes)
C2 CompilerThread1     1832  927       4       java.util.jar.JarFile::getEntry (35 bytes)

VM state: at safepoint (normal execution)

VM Mutex/Monitor currently owned by a thread:  ([mutex/lock_event])
[0x000000344995c460] Threads_lock - owner thread: 0x00000034636cebe0
[0x000000344995c6a0] Heap_lock - owner thread: 0x000000344995f7e0

Heap address: 0x0000000081600000, size: 2026 MB, Compressed Oops mode: 32-bit
CDS disabled.
Compressed class space mapped at: 0x0000000100000000-0x0000000140000000, size: 1073741824
Narrow klass base: 0x0000000000000000, Narrow klass shift: 3, Narrow klass range: 0x140000000

GC Precious Log:
 CPUs: 4 total, 4 available
 Memory: 8097M
 Large Page Support: Disabled
 NUMA Support: Disabled
 Compressed Oops: Enabled (32-bit)
 Heap Region Size: 1M
 Heap Min Capacity: 8M
 Heap Initial Capacity: 128M
 Heap Max Capacity: 2026M
 Pre-touch: Disabled
 Parallel Workers: 4
 Concurrent Workers: 1
 Concurrent Refinement Workers: 4
 Periodic GC: Disabled

Heap:
 garbage-first heap   total 131072K, used 13312K [0x0000000081600000, 0x0000000100000000)
  region size 1024K, 15 young (15360K), 2 survivors (2048K)
 Metaspace       used 13433K, capacity 13552K, committed 13696K, reserved 1060864K
  class space    used 1270K, capacity 1319K, committed 1408K, reserved 1048576K

Heap Regions: E=young(eden), S=young(survivor), O=old, HS=humongous(starts), HC=humongous(continues), CS=collection set, F=free, OA=open archive, CA=closed archive, TAMS=top-at-mark-start (previous, next)
|   0|0x0000000081600000, 0x0000000081700000, 0x0000000081700000|100%| O|  |TAMS 0x0000000081600000, 0x0000000081600000| Untracked 
|   1|0x0000000081700000, 0x0000000081800000, 0x0000000081800000|100%| O|  |TAMS 0x0000000081700000, 0x0000000081700000| Untracked 
|   2|0x0000000081800000, 0x00000000818ca3d0, 0x0000000081900000| 78%| O|  |TAMS 0x0000000081800000, 0x0000000081800000| Untracked 
|   3|0x0000000081900000, 0x0000000081900000, 0x0000000081a00000|  0%| F|  |TAMS 0x0000000081900000, 0x0000000081900000| Untracked 
|   4|0x0000000081a00000, 0x0000000081a00000, 0x0000000081b00000|  0%| F|  |TAMS 0x0000000081a00000, 0x0000000081a00000| Untracked 
|   5|0x0000000081b00000, 0x0000000081b00000, 0x0000000081c00000|  0%| F|  |TAMS 0x0000000081b00000, 0x0000000081b00000| Untracked 
|   6|0x0000000081c00000, 0x0000000081c00000, 0x0000000081d00000|  0%| F|  |TAMS 0x0000000081c00000, 0x0000000081c00000| Untracked 
|   7|0x0000000081d00000, 0x0000000081d00000, 0x0000000081e00000|  0%| F|  |TAMS 0x0000000081d00000, 0x0000000081d00000| Untracked 
|   8|0x0000000081e00000, 0x0000000081e00000, 0x0000000081f00000|  0%| F|  |TAMS 0x0000000081e00000, 0x0000000081e00000| Untracked 
|   9|0x0000000081f00000, 0x0000000081f00000, 0x0000000082000000|  0%| F|  |TAMS 0x0000000081f00000, 0x0000000081f00000| Untracked 
|  10|0x0000000082000000, 0x0000000082000000, 0x0000000082100000|  0%| F|  |TAMS 0x0000000082000000, 0x0000000082000000| Untracked 
|  11|0x0000000082100000, 0x0000000082100000, 0x0000000082200000|  0%| F|  |TAMS 0x0000000082100000, 0x0000000082100000| Untracked 
|  12|0x0000000082200000, 0x0000000082200000, 0x0000000082300000|  0%| F|  |TAMS 0x0000000082200000, 0x0000000082200000| Untracked 
|  13|0x0000000082300000, 0x0000000082300000, 0x0000000082400000|  0%| F|  |TAMS 0x0000000082300000, 0x0000000082300000| Untracked 
|  14|0x0000000082400000, 0x0000000082400000, 0x0000000082500000|  0%| F|  |TAMS 0x0000000082400000, 0x0000000082400000| Untracked 
|  15|0x0000000082500000, 0x0000000082500000, 0x0000000082600000|  0%| F|  |TAMS 0x0000000082500000, 0x0000000082500000| Untracked 
|  16|0x0000000082600000, 0x0000000082600000, 0x0000000082700000|  0%| F|  |TAMS 0x0000000082600000, 0x0000000082600000| Untracked 
|  17|0x0000000082700000, 0x0000000082700000, 0x0000000082800000|  0%| F|  |TAMS 0x0000000082700000, 0x0000000082700000| Untracked 
|  18|0x0000000082800000, 0x0000000082800000, 0x0000000082900000|  0%| F|  |TAMS 0x0000000082800000, 0x0000000082800000| Untracked 
|  19|0x0000000082900000, 0x0000000082900000, 0x0000000082a00000|  0%| F|  |TAMS 0x0000000082900000, 0x0000000082900000| Untracked 
|  20|0x0000000082a00000, 0x0000000082a00000, 0x0000000082b00000|  0%| F|  |TAMS 0x0000000082a00000, 0x0000000082a00000| Untracked 
|  21|0x0000000082b00000, 0x0000000082b00000, 0x0000000082c00000|  0%| F|  |TAMS 0x0000000082b00000, 0x0000000082b00000| Untracked 
|  22|0x0000000082c00000, 0x0000000082c00000, 0x0000000082d00000|  0%| F|  |TAMS 0x0000000082c00000, 0x0000000082c00000| Untracked 
|  23|0x0000000082d00000, 0x0000000082d00000, 0x0000000082e00000|  0%| F|  |TAMS 0x0000000082d00000, 0x0000000082d00000| Untracked 
|  24|0x0000000082e00000, 0x0000000082e00000, 0x0000000082f00000|  0%| F|  |TAMS 0x0000000082e00000, 0x0000000082e00000| Untracked 
|  25|0x0000000082f00000, 0x0000000082f00000, 0x0000000083000000|  0%| F|  |TAMS 0x0000000082f00000, 0x0000000082f00000| Untracked 
|  26|0x0000000083000000, 0x0000000083000000, 0x0000000083100000|  0%| F|  |TAMS 0x0000000083000000, 0x0000000083000000| Untracked 
|  27|0x0000000083100000, 0x0000000083100000, 0x0000000083200000|  0%| F|  |TAMS 0x0000000083100000, 0x0000000083100000| Untracked 
|  28|0x0000000083200000, 0x0000000083200000, 0x0000000083300000|  0%| F|  |TAMS 0x0000000083200000, 0x0000000083200000| Untracked 
|  29|0x0000000083300000, 0x0000000083300000, 0x0000000083400000|  0%| F|  |TAMS 0x0000000083300000, 0x0000000083300000| Untracked 
|  30|0x0000000083400000, 0x0000000083400000, 0x0000000083500000|  0%| F|  |TAMS 0x0000000083400000, 0x0000000083400000| Untracked 
|  31|0x0000000083500000, 0x0000000083500000, 0x0000000083600000|  0%| F|  |TAMS 0x0000000083500000, 0x0000000083500000| Untracked 
|  32|0x0000000083600000, 0x0000000083600000, 0x0000000083700000|  0%| F|  |TAMS 0x0000000083600000, 0x0000000083600000| Untracked 
|  33|0x0000000083700000, 0x0000000083700000, 0x0000000083800000|  0%| F|  |TAMS 0x0000000083700000, 0x0000000083700000| Untracked 
|  34|0x0000000083800000, 0x0000000083800000, 0x0000000083900000|  0%| F|  |TAMS 0x0000000083800000, 0x0000000083800000| Untracked 
|  35|0x0000000083900000, 0x0000000083900000, 0x0000000083a00000|  0%| F|  |TAMS 0x0000000083900000, 0x0000000083900000| Untracked 
|  36|0x0000000083a00000, 0x0000000083a00000, 0x0000000083b00000|  0%| F|  |TAMS 0x0000000083a00000, 0x0000000083a00000| Untracked 
|  37|0x0000000083b00000, 0x0000000083b00000, 0x0000000083c00000|  0%| F|  |TAMS 0x0000000083b00000, 0x0000000083b00000| Untracked 
|  38|0x0000000083c00000, 0x0000000083c00000, 0x0000000083d00000|  0%| F|  |TAMS 0x0000000083c00000, 0x0000000083c00000| Untracked 
|  39|0x0000000083d00000, 0x0000000083d00000, 0x0000000083e00000|  0%| F|  |TAMS 0x0000000083d00000, 0x0000000083d00000| Untracked 
|  40|0x0000000083e00000, 0x0000000083e00000, 0x0000000083f00000|  0%| F|  |TAMS 0x0000000083e00000, 0x0000000083e00000| Untracked 
|  41|0x0000000083f00000, 0x0000000083f00000, 0x0000000084000000|  0%| F|  |TAMS 0x0000000083f00000, 0x0000000083f00000| Untracked 
|  42|0x0000000084000000, 0x0000000084000000, 0x0000000084100000|  0%| F|  |TAMS 0x0000000084000000, 0x0000000084000000| Untracked 
|  43|0x0000000084100000, 0x0000000084100000, 0x0000000084200000|  0%| F|  |TAMS 0x0000000084100000, 0x0000000084100000| Untracked 
|  44|0x0000000084200000, 0x0000000084200000, 0x0000000084300000|  0%| F|  |TAMS 0x0000000084200000, 0x0000000084200000| Untracked 
|  45|0x0000000084300000, 0x0000000084300000, 0x0000000084400000|  0%| F|  |TAMS 0x0000000084300000, 0x0000000084300000| Untracked 
|  46|0x0000000084400000, 0x0000000084400000, 0x0000000084500000|  0%| F|  |TAMS 0x0000000084400000, 0x0000000084400000| Untracked 
|  47|0x0000000084500000, 0x0000000084500000, 0x0000000084600000|  0%| F|  |TAMS 0x0000000084500000, 0x0000000084500000| Untracked 
|  48|0x0000000084600000, 0x0000000084600000, 0x0000000084700000|  0%| F|  |TAMS 0x0000000084600000, 0x0000000084600000| Untracked 
|  49|0x0000000084700000, 0x0000000084700000, 0x0000000084800000|  0%| F|  |TAMS 0x0000000084700000, 0x0000000084700000| Untracked 
|  50|0x0000000084800000, 0x0000000084800000, 0x0000000084900000|  0%| F|  |TAMS 0x0000000084800000, 0x0000000084800000| Untracked 
|  51|0x0000000084900000, 0x0000000084900000, 0x0000000084a00000|  0%| F|  |TAMS 0x0000000084900000, 0x0000000084900000| Untracked 
|  52|0x0000000084a00000, 0x0000000084a00000, 0x0000000084b00000|  0%| F|  |TAMS 0x0000000084a00000, 0x0000000084a00000| Untracked 
|  53|0x0000000084b00000, 0x0000000084b00000, 0x0000000084c00000|  0%| F|  |TAMS 0x0000000084b00000, 0x0000000084b00000| Untracked 
|  54|0x0000000084c00000, 0x0000000084c00000, 0x0000000084d00000|  0%| F|  |TAMS 0x0000000084c00000, 0x0000000084c00000| Untracked 
|  55|0x0000000084d00000, 0x0000000084d00000, 0x0000000084e00000|  0%| F|  |TAMS 0x0000000084d00000, 0x0000000084d00000| Untracked 
|  56|0x0000000084e00000, 0x0000000084e00000, 0x0000000084f00000|  0%| F|  |TAMS 0x0000000084e00000, 0x0000000084e00000| Untracked 
|  57|0x0000000084f00000, 0x0000000084f00000, 0x0000000085000000|  0%| F|  |TAMS 0x0000000084f00000, 0x0000000084f00000| Untracked 
|  58|0x0000000085000000, 0x0000000085000000, 0x0000000085100000|  0%| F|  |TAMS 0x0000000085000000, 0x0000000085000000| Untracked 
|  59|0x0000000085100000, 0x0000000085100000, 0x0000000085200000|  0%| F|  |TAMS 0x0000000085100000, 0x0000000085100000| Untracked 
|  60|0x0000000085200000, 0x0000000085200000, 0x0000000085300000|  0%| F|  |TAMS 0x0000000085200000, 0x0000000085200000| Untracked 
|  61|0x0000000085300000, 0x0000000085300000, 0x0000000085400000|  0%| F|  |TAMS 0x0000000085300000, 0x0000000085300000| Untracked 
|  62|0x0000000085400000, 0x0000000085400000, 0x0000000085500000|  0%| F|  |TAMS 0x0000000085400000, 0x0000000085400000| Untracked 
|  63|0x0000000085500000, 0x0000000085500000, 0x0000000085600000|  0%| F|  |TAMS 0x0000000085500000, 0x0000000085500000| Untracked 
|  64|0x0000000085600000, 0x0000000085600000, 0x0000000085700000|  0%| F|  |TAMS 0x0000000085600000, 0x0000000085600000| Untracked 
|  65|0x0000000085700000, 0x0000000085700000, 0x0000000085800000|  0%| F|  |TAMS 0x0000000085700000, 0x0000000085700000| Untracked 
|  66|0x0000000085800000, 0x0000000085800000, 0x0000000085900000|  0%| F|  |TAMS 0x0000000085800000, 0x0000000085800000| Untracked 
|  67|0x0000000085900000, 0x0000000085900000, 0x0000000085a00000|  0%| F|  |TAMS 0x0000000085900000, 0x0000000085900000| Untracked 
|  68|0x0000000085a00000, 0x0000000085a00000, 0x0000000085b00000|  0%| F|  |TAMS 0x0000000085a00000, 0x0000000085a00000| Untracked 
|  69|0x0000000085b00000, 0x0000000085b00000, 0x0000000085c00000|  0%| F|  |TAMS 0x0000000085b00000, 0x0000000085b00000| Untracked 
|  70|0x0000000085c00000, 0x0000000085c00000, 0x0000000085d00000|  0%| F|  |TAMS 0x0000000085c00000, 0x0000000085c00000| Untracked 
|  71|0x0000000085d00000, 0x0000000085d00000, 0x0000000085e00000|  0%| F|  |TAMS 0x0000000085d00000, 0x0000000085d00000| Untracked 
|  72|0x0000000085e00000, 0x0000000085e00000, 0x0000000085f00000|  0%| F|  |TAMS 0x0000000085e00000, 0x0000000085e00000| Untracked 
|  73|0x0000000085f00000, 0x0000000085f00000, 0x0000000086000000|  0%| F|  |TAMS 0x0000000085f00000, 0x0000000085f00000| Untracked 
|  74|0x0000000086000000, 0x0000000086000000, 0x0000000086100000|  0%| F|  |TAMS 0x0000000086000000, 0x0000000086000000| Untracked 
|  75|0x0000000086100000, 0x0000000086100000, 0x0000000086200000|  0%| F|  |TAMS 0x0000000086100000, 0x0000000086100000| Untracked 
|  76|0x0000000086200000, 0x0000000086200000, 0x0000000086300000|  0%| F|  |TAMS 0x0000000086200000, 0x0000000086200000| Untracked 
|  77|0x0000000086300000, 0x0000000086300000, 0x0000000086400000|  0%| F|  |TAMS 0x0000000086300000, 0x0000000086300000| Untracked 
|  78|0x0000000086400000, 0x0000000086400000, 0x0000000086500000|  0%| F|  |TAMS 0x0000000086400000, 0x0000000086400000| Untracked 
|  79|0x0000000086500000, 0x0000000086500000, 0x0000000086600000|  0%| F|  |TAMS 0x0000000086500000, 0x0000000086500000| Untracked 
|  80|0x0000000086600000, 0x0000000086600000, 0x0000000086700000|  0%| F|  |TAMS 0x0000000086600000, 0x0000000086600000| Untracked 
|  81|0x0000000086700000, 0x0000000086700000, 0x0000000086800000|  0%| F|  |TAMS 0x0000000086700000, 0x0000000086700000| Untracked 
|  82|0x0000000086800000, 0x0000000086800000, 0x0000000086900000|  0%| F|  |TAMS 0x0000000086800000, 0x0000000086800000| Untracked 
|  83|0x0000000086900000, 0x0000000086900000, 0x0000000086a00000|  0%| F|  |TAMS 0x0000000086900000, 0x0000000086900000| Untracked 
|  84|0x0000000086a00000, 0x0000000086a00000, 0x0000000086b00000|  0%| F|  |TAMS 0x0000000086a00000, 0x0000000086a00000| Untracked 
|  85|0x0000000086b00000, 0x0000000086b00000, 0x0000000086c00000|  0%| F|  |TAMS 0x0000000086b00000, 0x0000000086b00000| Untracked 
|  86|0x0000000086c00000, 0x0000000086c00000, 0x0000000086d00000|  0%| F|  |TAMS 0x0000000086c00000, 0x0000000086c00000| Untracked 
|  87|0x0000000086d00000, 0x0000000086d00000, 0x0000000086e00000|  0%| F|  |TAMS 0x0000000086d00000, 0x0000000086d00000| Untracked 
|  88|0x0000000086e00000, 0x0000000086e00000, 0x0000000086f00000|  0%| F|  |TAMS 0x0000000086e00000, 0x0000000086e00000| Untracked 
|  89|0x0000000086f00000, 0x0000000086f00000, 0x0000000087000000|  0%| F|  |TAMS 0x0000000086f00000, 0x0000000086f00000| Untracked 
|  90|0x0000000087000000, 0x0000000087000000, 0x0000000087100000|  0%| F|  |TAMS 0x0000000087000000, 0x0000000087000000| Untracked 
|  91|0x0000000087100000, 0x0000000087100000, 0x0000000087200000|  0%| F|  |TAMS 0x0000000087100000, 0x0000000087100000| Untracked 
|  92|0x0000000087200000, 0x0000000087200000, 0x0000000087300000|  0%| F|  |TAMS 0x0000000087200000, 0x0000000087200000| Untracked 
|  93|0x0000000087300000, 0x0000000087300000, 0x0000000087400000|  0%| F|  |TAMS 0x0000000087300000, 0x0000000087300000| Untracked 
|  94|0x0000000087400000, 0x0000000087400000, 0x0000000087500000|  0%| F|  |TAMS 0x0000000087400000, 0x0000000087400000| Untracked 
|  95|0x0000000087500000, 0x0000000087500000, 0x0000000087600000|  0%| F|  |TAMS 0x0000000087500000, 0x0000000087500000| Untracked 
|  96|0x0000000087600000, 0x0000000087600000, 0x0000000087700000|  0%| F|  |TAMS 0x0000000087600000, 0x0000000087600000| Untracked 
|  97|0x0000000087700000, 0x0000000087700000, 0x0000000087800000|  0%| F|  |TAMS 0x0000000087700000, 0x0000000087700000| Untracked 
|  98|0x0000000087800000, 0x0000000087800000, 0x0000000087900000|  0%| F|  |TAMS 0x0000000087800000, 0x0000000087800000| Untracked 
|  99|0x0000000087900000, 0x0000000087900000, 0x0000000087a00000|  0%| F|  |TAMS 0x0000000087900000, 0x0000000087900000| Untracked 
| 100|0x0000000087a00000, 0x0000000087a00000, 0x0000000087b00000|  0%| F|  |TAMS 0x0000000087a00000, 0x0000000087a00000| Untracked 
| 101|0x0000000087b00000, 0x0000000087b00000, 0x0000000087c00000|  0%| F|  |TAMS 0x0000000087b00000, 0x0000000087b00000| Untracked 
| 102|0x0000000087c00000, 0x0000000087c00000, 0x0000000087d00000|  0%| F|  |TAMS 0x0000000087c00000, 0x0000000087c00000| Untracked 
| 103|0x0000000087d00000, 0x0000000087d00000, 0x0000000087e00000|  0%| F|  |TAMS 0x0000000087d00000, 0x0000000087d00000| Untracked 
| 104|0x0000000087e00000, 0x0000000087e00000, 0x0000000087f00000|  0%| F|  |TAMS 0x0000000087e00000, 0x0000000087e00000| Untracked 
| 105|0x0000000087f00000, 0x0000000087f00000, 0x0000000088000000|  0%| F|  |TAMS 0x0000000087f00000, 0x0000000087f00000| Untracked 
| 106|0x0000000088000000, 0x0000000088000000, 0x0000000088100000|  0%| F|  |TAMS 0x0000000088000000, 0x0000000088000000| Untracked 
| 107|0x0000000088100000, 0x0000000088100000, 0x0000000088200000|  0%| F|  |TAMS 0x0000000088100000, 0x0000000088100000| Untracked 
| 108|0x0000000088200000, 0x0000000088200000, 0x0000000088300000|  0%| F|  |TAMS 0x0000000088200000, 0x0000000088200000| Untracked 
| 109|0x0000000088300000, 0x0000000088300000, 0x0000000088400000|  0%| F|  |TAMS 0x0000000088300000, 0x0000000088300000| Untracked 
| 110|0x0000000088400000, 0x0000000088400000, 0x0000000088500000|  0%| F|  |TAMS 0x0000000088400000, 0x0000000088400000| Untracked 
| 111|0x0000000088500000, 0x0000000088500000, 0x0000000088600000|  0%| F|  |TAMS 0x0000000088500000, 0x0000000088500000| Untracked 
| 112|0x0000000088600000, 0x0000000088600000, 0x0000000088700000|  0%| F|  |TAMS 0x0000000088600000, 0x0000000088600000| Untracked 
| 113|0x0000000088700000, 0x0000000088800000, 0x0000000088800000|100%| S|  |TAMS 0x0000000088700000, 0x0000000088700000| Complete 
| 114|0x0000000088800000, 0x0000000088900000, 0x0000000088900000|100%| S|  |TAMS 0x0000000088800000, 0x0000000088800000| Complete 
| 115|0x0000000088900000, 0x0000000088a00000, 0x0000000088a00000|100%| E|CS|TAMS 0x0000000088900000, 0x0000000088900000| Complete 
| 116|0x0000000088a00000, 0x0000000088b00000, 0x0000000088b00000|100%| E|CS|TAMS 0x0000000088a00000, 0x0000000088a00000| Complete 
| 117|0x0000000088b00000, 0x0000000088c00000, 0x0000000088c00000|100%| E|CS|TAMS 0x0000000088b00000, 0x0000000088b00000| Complete 
| 118|0x0000000088c00000, 0x0000000088d00000, 0x0000000088d00000|100%| E|CS|TAMS 0x0000000088c00000, 0x0000000088c00000| Complete 
| 119|0x0000000088d00000, 0x0000000088e00000, 0x0000000088e00000|100%| E|CS|TAMS 0x0000000088d00000, 0x0000000088d00000| Complete 
| 120|0x0000000088e00000, 0x0000000088f00000, 0x0000000088f00000|100%| E|CS|TAMS 0x0000000088e00000, 0x0000000088e00000| Complete 
| 121|0x0000000088f00000, 0x0000000089000000, 0x0000000089000000|100%| E|CS|TAMS 0x0000000088f00000, 0x0000000088f00000| Complete 
| 122|0x0000000089000000, 0x0000000089100000, 0x0000000089100000|100%| E|CS|TAMS 0x0000000089000000, 0x0000000089000000| Complete 
| 123|0x0000000089100000, 0x0000000089200000, 0x0000000089200000|100%| E|CS|TAMS 0x0000000089100000, 0x0000000089100000| Complete 
| 124|0x0000000089200000, 0x0000000089300000, 0x0000000089300000|100%| E|CS|TAMS 0x0000000089200000, 0x0000000089200000| Complete 
| 125|0x0000000089300000, 0x0000000089400000, 0x0000000089400000|100%| E|CS|TAMS 0x0000000089300000, 0x0000000089300000| Complete 
| 126|0x0000000089400000, 0x0000000089500000, 0x0000000089500000|100%| E|CS|TAMS 0x0000000089400000, 0x0000000089400000| Complete 
| 127|0x0000000089500000, 0x0000000089600000, 0x0000000089600000|100%| E|CS|TAMS 0x0000000089500000, 0x0000000089500000| Complete 

Card table byte_map: [0x000000345c730000,0x000000345cb30000] _byte_map_base: 0x000000345c325000

Marking Bits (Prev, Next): (CMBitMap*) 0x00000034499a06c0, (CMBitMap*) 0x00000034499a0700
 Prev Bits: [0x000000345cf30000, 0x000000345eed8000)
 Next Bits: [0x000000345eee0000, 0x0000003460e88000)

Polling page: 0x00000034479b0000

Metaspace:

Usage:
  Non-class:     11.95 MB capacity,    11.88 MB (>99%) used,    58.94 KB ( <1%) free+waste,    11.19 KB ( <1%) overhead. 
      Class:      1.29 MB capacity,     1.24 MB ( 96%) used,    44.75 KB (  3%) free+waste,     3.69 KB ( <1%) overhead. 
       Both:     13.23 MB capacity,    13.12 MB (>99%) used,   103.69 KB ( <1%) free+waste,    14.88 KB ( <1%) overhead. 

Virtual space:
  Non-class space:       12.00 MB reserved,      12.00 MB (100%) committed 
      Class space:        1.00 GB reserved,       1.38 MB ( <1%) committed 
             Both:        1.01 GB reserved,      13.38 MB (  1%) committed 

Chunk freelists:
   Non-Class:  55.00 KB
       Class:  25.00 KB
        Both:  80.00 KB

MaxMetaspaceSize: 17179869184.00 GB
CompressedClassSpaceSize: 1.00 GB

CodeHeap 'non-profiled nmethods': size=120000Kb used=285Kb max_used=285Kb free=119714Kb
 bounds [0x0000003454e00000, 0x0000003455070000, 0x000000345c330000]
CodeHeap 'profiled nmethods': size=120000Kb used=1551Kb max_used=1551Kb free=118448Kb
 bounds [0x000000344d8d0000, 0x000000344db40000, 0x0000003454e00000]
CodeHeap 'non-nmethods': size=5760Kb used=1157Kb max_used=1186Kb free=4602Kb
 bounds [0x000000344d330000, 0x000000344d5a0000, 0x000000344d8d0000]
 total_blobs=1354 nmethods=942 adapters=325
 compilation: enabled
              stopped_count=0, restarted_count=0
 full_count=0

Compilation events (20 events):
Event: 1.708 Thread 0x000000346542ea60  927       4       java.util.jar.JarFile::getEntry (35 bytes)
Event: 1.708 Thread 0x0000003464140ce0  928   !   4       java.util.zip.ZipFile::getEntry (59 bytes)
Event: 1.710 Thread 0x00000034641516f0  930       1       java.beans.FeatureDescriptor::getName (5 bytes)
Event: 1.710 Thread 0x00000034641516f0 nmethod 930 0x0000003454e45510 code [0x0000003454e456a0, 0x0000003454e45758]
Event: 1.710 Thread 0x00000034641516f0  931       3       jdk.internal.reflect.ReflectionFactory::getExecutableSharedParameterTypes (11 bytes)
Event: 1.710 Thread 0x00000034641516f0 nmethod 931 0x000000344da48a90 code [0x000000344da48c40, 0x000000344da48ea8]
Event: 1.710 Thread 0x00000034641516f0  932       3       java.lang.reflect.ReflectAccess::getExecutableSharedParameterTypes (5 bytes)
Event: 1.710 Thread 0x00000034641516f0 nmethod 932 0x000000344da49010 code [0x000000344da491c0, 0x000000344da49388]
Event: 1.710 Thread 0x00000034641516f0  933       3       java.lang.PublicMethods$Key::hashCode (19 bytes)
Event: 1.711 Thread 0x00000034641516f0 nmethod 933 0x000000344da49490 code [0x000000344da49640, 0x000000344da497b8]
Event: 1.711 Thread 0x00000034641516f0  934       3       java.util.LinkedHashMap$LinkedValueIterator::next (8 bytes)
Event: 1.711 Thread 0x00000034641516f0 nmethod 934 0x000000344da49890 code [0x000000344da49a40, 0x000000344da49b68]
Event: 1.711 Thread 0x00000034641516f0  935       3       jdk.internal.reflect.ReflectionFactory::copyMethod (11 bytes)
Event: 1.711 Thread 0x00000034641516f0 nmethod 935 0x000000344da49c10 code [0x000000344da49dc0, 0x000000344da49fa8]
Event: 1.711 Thread 0x00000034641516f0  936       3       java.lang.reflect.Method::<init> (68 bytes)
Event: 1.712 Thread 0x00000034641516f0 nmethod 936 0x000000344da4a110 code [0x000000344da4a2e0, 0x000000344da4a878]
Event: 1.714 Thread 0x00000034641516f0  937       3       java.util.jar.JarFile::maybeInstantiateVerifier (42 bytes)
Event: 1.714 Thread 0x00000034641516f0 nmethod 937 0x000000344da4a990 code [0x000000344da4ab60, 0x000000344da4ae98]
Event: 1.721 Thread 0x00000034641516f0  938   !   3       java.util.concurrent.ConcurrentHashMap::computeIfAbsent (576 bytes)
Event: 1.724 Thread 0x00000034641516f0 nmethod 938 0x000000344da4af90 code [0x000000344da4b3a0, 0x000000344da4d698]

GC Heap History (0 events):
No events

Deoptimization events (20 events):
Event: 0.900 Thread 0x000000344995f7e0 DEOPT PACKING pc=0x000000344d9000d0 sp=0x00000034479aa2a0
Event: 0.900 Thread 0x000000344995f7e0 DEOPT UNPACKING pc=0x000000344d37e23f sp=0x00000034479a9728 mode 0
Event: 1.167 Thread 0x000000344995f7e0 DEOPT PACKING pc=0x000000344d96f9bd sp=0x00000034479adb60
Event: 1.167 Thread 0x000000344995f7e0 DEOPT UNPACKING pc=0x000000344d37e23f sp=0x00000034479ad018 mode 0
Event: 1.170 Thread 0x000000344995f7e0 DEOPT PACKING pc=0x000000344d96f9bd sp=0x00000034479a86b0
Event: 1.170 Thread 0x000000344995f7e0 DEOPT UNPACKING pc=0x000000344d37e23f sp=0x00000034479a7b68 mode 0
Event: 1.174 Thread 0x000000344995f7e0 DEOPT PACKING pc=0x000000344d96f9bd sp=0x00000034479aa000
Event: 1.174 Thread 0x000000344995f7e0 DEOPT UNPACKING pc=0x000000344d37e23f sp=0x00000034479a94b8 mode 0
Event: 1.199 Thread 0x000000344995f7e0 DEOPT PACKING pc=0x000000344d96f9bd sp=0x00000034479add50
Event: 1.199 Thread 0x000000344995f7e0 DEOPT UNPACKING pc=0x000000344d37e23f sp=0x00000034479ad208 mode 0
Event: 1.258 Thread 0x000000344995f7e0 DEOPT PACKING pc=0x000000344d90eddf sp=0x00000034479a9ee0
Event: 1.258 Thread 0x000000344995f7e0 DEOPT UNPACKING pc=0x000000344d37e23f sp=0x00000034479a9330 mode 0
Event: 1.495 Thread 0x000000344995f7e0 Uncommon trap: trap_request=0xffffff45 fr.pc=0x0000003454e2c7e4 relative=0x00000000000005a4
Event: 1.495 Thread 0x000000344995f7e0 Uncommon trap: reason=unstable_if action=reinterpret pc=0x0000003454e2c7e4 method=java.lang.AbstractStringBuilder.append(Ljava/lang/String;)Ljava/lang/AbstractStringBuilder; @ 1 c2
Event: 1.495 Thread 0x000000344995f7e0 DEOPT PACKING pc=0x0000003454e2c7e4 sp=0x00000034479ad480
Event: 1.495 Thread 0x000000344995f7e0 DEOPT UNPACKING pc=0x000000344d37e42f sp=0x00000034479ad468 mode 2
Event: 1.624 Thread 0x000000344995f7e0 Uncommon trap: trap_request=0xffffff45 fr.pc=0x0000003454e0bbe0 relative=0x0000000000000060
Event: 1.624 Thread 0x000000344995f7e0 Uncommon trap: reason=unstable_if action=reinterpret pc=0x0000003454e0bbe0 method=java.io.WinNTFileSystem.isSlash(C)Z @ 9 c2
Event: 1.624 Thread 0x000000344995f7e0 DEOPT PACKING pc=0x0000003454e0bbe0 sp=0x00000034479ac790
Event: 1.624 Thread 0x000000344995f7e0 DEOPT UNPACKING pc=0x000000344d37e42f sp=0x00000034479ac718 mode 2

Classes unloaded (0 events):
No events

Classes redefined (0 events):
No events

Internal exceptions (16 events):
Event: 0.921 Thread 0x000000344995f7e0 Exception <a 'java/lang/NoSuchMethodError'{0x0000000089012088}: 'void java.lang.invoke.DirectMethodHandle$Holder.invokeStatic(java.lang.Object, java.lang.Object)'> (0x0000000089012088) 
thrown [./open/src/hotspot/share/interpreter/linkResolver.cpp, line 782]
Event: 0.923 Thread 0x000000344995f7e0 Exception <a 'java/lang/NoSuchMethodError'{0x0000000089015e48}: 'void java.lang.invoke.DirectMethodHandle$Holder.invokeStaticInit(java.lang.Object, java.lang.Object)'> (0x0000000089015e48) 
thrown [./open/src/hotspot/share/interpreter/linkResolver.cpp, line 782]
Event: 1.136 Thread 0x000000344995f7e0 Exception <a 'java/lang/NoSuchMethodError'{0x0000000088e02b48}: 'java.lang.Object java.lang.invoke.DirectMethodHandle$Holder.invokeStatic(java.lang.Object)'> (0x0000000088e02b48) 
thrown [./open/src/hotspot/share/interpreter/linkResolver.cpp, line 782]
Event: 1.137 Thread 0x000000344995f7e0 Exception <a 'java/lang/NoSuchMethodError'{0x0000000088e061b8}: 'java.lang.Object java.lang.invoke.DirectMethodHandle$Holder.invokeStaticInit(java.lang.Object)'> (0x0000000088e061b8) 
thrown [./open/src/hotspot/share/interpreter/linkResolver.cpp, line 782]
Event: 1.495 Thread 0x000000344995f7e0 Implicit null exception at 0x0000003454e2c274 to 0x0000003454e2c7cc
Event: 1.546 Thread 0x000000344995f7e0 Exception <a 'java/lang/NoSuchMethodError'{0x0000000088a67e20}: 'void java.lang.invoke.DirectMethodHandle$Holder.invokeSpecial(java.lang.Object, java.lang.Object, java.lang.Object)'> (0x0000000088a67e20) 
thrown [./open/src/hotspot/share/interpreter/linkResolver.cpp, line 782]
Event: 1.668 Thread 0x000000344995f7e0 Exception <a 'java/lang/ClassNotFoundException'{0x0000000088918b78}: org/apache/log4j/ConsoleAppenderBeanInfo> (0x0000000088918b78) 
thrown [./open/src/hotspot/share/classfile/systemDictionary.cpp, line 295]
Event: 1.669 Thread 0x000000344995f7e0 Exception <a 'java/lang/ClassNotFoundException'{0x000000008891d430}: org/apache/log4j/WriterAppenderBeanInfo> (0x000000008891d430) 
thrown [./open/src/hotspot/share/classfile/systemDictionary.cpp, line 295]
Event: 1.670 Thread 0x000000344995f7e0 Exception <a 'java/lang/ClassNotFoundException'{0x0000000088921d18}: org/apache/log4j/AppenderSkeletonBeanInfo> (0x0000000088921d18) 
thrown [./open/src/hotspot/share/classfile/systemDictionary.cpp, line 295]
Event: 1.670 Thread 0x000000344995f7e0 Exception <a 'java/lang/ClassNotFoundException'{0x0000000088922a20}: java/lang/ObjectBeanInfo> (0x0000000088922a20) 
thrown [./open/src/hotspot/share/classfile/systemDictionary.cpp, line 295]
Event: 1.672 Thread 0x000000344995f7e0 Exception <a 'java/lang/ClassNotFoundException'{0x00000000889271f0}: java/lang/ObjectCustomizer> (0x00000000889271f0) 
thrown [./open/src/hotspot/share/classfile/systemDictionary.cpp, line 295]
Event: 1.679 Thread 0x000000344995f7e0 Exception <a 'java/lang/NoSuchMethodError'{0x000000008892d7e8}: 'java.lang.Object java.lang.invoke.DirectMethodHandle$Holder.invokeInterface(java.lang.Object, java.lang.Object)'> (0x000000008892d7e8) 
thrown [./open/src/hotspot/share/interpreter/linkResolver.cpp, line 782]
Event: 1.679 Thread 0x000000344995f7e0 Exception <a 'java/lang/IncompatibleClassChangeError'{0x0000000088931528}: Found class java.lang.Object, but interface was expected> (0x0000000088931528) 
thrown [./open/src/hotspot/share/interpreter/linkResolver.cpp, line 848]
Event: 1.696 Thread 0x000000344995f7e0 Exception <a 'java/lang/ClassNotFoundException'{0x00000000889536b8}: org/apache/log4j/AppenderSkeletonCustomizer> (0x00000000889536b8) 
thrown [./open/src/hotspot/share/classfile/systemDictionary.cpp, line 295]
Event: 1.706 Thread 0x000000344995f7e0 Exception <a 'java/lang/ClassNotFoundException'{0x000000008896f718}: org/apache/log4j/WriterAppenderCustomizer> (0x000000008896f718) 
thrown [./open/src/hotspot/share/classfile/systemDictionary.cpp, line 295]
Event: 1.709 Thread 0x000000344995f7e0 Exception <a 'java/lang/ClassNotFoundException'{0x000000008897dd20}: org/apache/log4j/ConsoleAppenderCustomizer> (0x000000008897dd20) 
thrown [./open/src/hotspot/share/classfile/systemDictionary.cpp, line 295]

Events (20 events):
Event: 1.692 loading class java/beans/PropertyDescriptor
Event: 1.693 loading class java/beans/PropertyDescriptor done
Event: 1.693 loading class java/beans/Transient
Event: 1.693 loading class java/beans/Transient done
Event: 1.693 loading class com/sun/beans/introspect/PropertyInfo$Name
Event: 1.693 loading class com/sun/beans/introspect/PropertyInfo$Name done
Event: 1.694 loading class java/beans/IndexedPropertyDescriptor
Event: 1.694 loading class java/beans/IndexedPropertyDescriptor done
Event: 1.694 loading class java/beans/GenericBeanInfo
Event: 1.694 loading class java/beans/SimpleBeanInfo
Event: 1.694 loading class java/beans/SimpleBeanInfo done
Event: 1.694 loading class java/beans/GenericBeanInfo done
Event: 1.702 loading class java/util/Hashtable$EntrySet
Event: 1.703 loading class java/util/Hashtable$EntrySet done
Event: 1.703 loading class java/util/Hashtable$Enumerator
Event: 1.703 loading class java/util/Hashtable$Enumerator done
Event: 1.725 loading class java/text/DateFormat
Event: 1.726 loading class java/text/Format
Event: 1.726 loading class java/text/Format done
Event: 1.726 loading class java/text/DateFormat done


Dynamic libraries:
0x00007ff7e6750000 - 0x00007ff7e675d000 	F:\contents_spring\sts-4.10.0.RELEASE\plugins\org.eclipse.justj.openjdk.hotspot.jre.full.win32.x86_64_15.0.2.v20210201-0955\jre\bin\javaw.exe
0x00007ffbd3ea0000 - 0x00007ffbd404d000 	C:\Windows\SYSTEM32\ntdll.dll
0x00007ffbd2510000 - 0x00007ffbd264e000 	C:\Windows\system32\KERNEL32.DLL
0x00007ffbd1410000 - 0x00007ffbd1526000 	C:\Windows\system32\KERNELBASE.dll
0x00007ffbb8ac0000 - 0x00007ffbb8bdd000 	C:\Windows\System32\AppCheck64.dll
0x00007ffbbe2b0000 - 0x00007ffbbe2c8000 	F:\contents_spring\sts-4.10.0.RELEASE\plugins\org.eclipse.justj.openjdk.hotspot.jre.full.win32.x86_64_15.0.2.v20210201-0955\jre\bin\jli.dll
0x00007ffbbe0b0000 - 0x00007ffbbe0c9000 	F:\contents_spring\sts-4.10.0.RELEASE\plugins\org.eclipse.justj.openjdk.hotspot.jre.full.win32.x86_64_15.0.2.v20210201-0955\jre\bin\VCRUNTIME140.dll
0x00007ffbc21b0000 - 0x00007ffbc21b4000 	F:\contents_spring\sts-4.10.0.RELEASE\plugins\org.eclipse.justj.openjdk.hotspot.jre.full.win32.x86_64_15.0.2.v20210201-0955\jre\bin\api-ms-win-crt-stdio-l1-1-0.dll
0x00007ffbc1dd0000 - 0x00007ffbc1dd4000 	F:\contents_spring\sts-4.10.0.RELEASE\plugins\org.eclipse.justj.openjdk.hotspot.jre.full.win32.x86_64_15.0.2.v20210201-0955\jre\bin\api-ms-win-crt-runtime-l1-1-0.dll
0x00007ffbbf3f0000 - 0x00007ffbbf3f3000 	F:\contents_spring\sts-4.10.0.RELEASE\plugins\org.eclipse.justj.openjdk.hotspot.jre.full.win32.x86_64_15.0.2.v20210201-0955\jre\bin\api-ms-win-crt-environment-l1-1-0.dll
0x00007ffbbe2a0000 - 0x00007ffbbe2a5000 	F:\contents_spring\sts-4.10.0.RELEASE\plugins\org.eclipse.justj.openjdk.hotspot.jre.full.win32.x86_64_15.0.2.v20210201-0955\jre\bin\api-ms-win-crt-math-l1-1-0.dll
0x00007ffbbe060000 - 0x00007ffbbe063000 	F:\contents_spring\sts-4.10.0.RELEASE\plugins\org.eclipse.justj.openjdk.hotspot.jre.full.win32.x86_64_15.0.2.v20210201-0955\jre\bin\api-ms-win-crt-locale-l1-1-0.dll
0x00007ffbbda60000 - 0x00007ffbbda63000 	F:\contents_spring\sts-4.10.0.RELEASE\plugins\org.eclipse.justj.openjdk.hotspot.jre.full.win32.x86_64_15.0.2.v20210201-0955\jre\bin\api-ms-win-crt-heap-l1-1-0.dll
0x00007ffbc7290000 - 0x00007ffbc729a000 	C:\Windows\SYSTEM32\VERSION.dll
0x00007ffbcd7d0000 - 0x00007ffbcda4b000 	C:\Windows\WinSxS\amd64_microsoft.windows.common-controls_6595b64144ccf1df_6.0.9600.18006_none_623f33d3ecbe86e8\COMCTL32.dll
0x00007ffbd1aa0000 - 0x00007ffbd1c17000 	C:\Windows\system32\USER32.dll
0x00007ffbbd9d0000 - 0x00007ffbbd9d3000 	F:\contents_spring\sts-4.10.0.RELEASE\plugins\org.eclipse.justj.openjdk.hotspot.jre.full.win32.x86_64_15.0.2.v20210201-0955\jre\bin\api-ms-win-crt-filesystem-l1-1-0.dll
0x00007ffbbd9c0000 - 0x00007ffbbd9c4000 	F:\contents_spring\sts-4.10.0.RELEASE\plugins\org.eclipse.justj.openjdk.hotspot.jre.full.win32.x86_64_15.0.2.v20210201-0955\jre\bin\api-ms-win-crt-string-l1-1-0.dll
0x00007ffbb9750000 - 0x00007ffbb9754000 	F:\contents_spring\sts-4.10.0.RELEASE\plugins\org.eclipse.justj.openjdk.hotspot.jre.full.win32.x86_64_15.0.2.v20210201-0955\jre\bin\api-ms-win-crt-convert-l1-1-0.dll
0x00007ffbd3ca0000 - 0x00007ffbd3d4a000 	C:\Windows\system32\msvcrt.dll
0x00007ffbd2200000 - 0x00007ffbd234c000 	C:\Windows\system32\GDI32.dll
0x00007ffbb06d0000 - 0x00007ffbb07ca000 	F:\contents_spring\sts-4.10.0.RELEASE\plugins\org.eclipse.justj.openjdk.hotspot.jre.full.win32.x86_64_15.0.2.v20210201-0955\jre\bin\ucrtbase.DLL
0x00007ffbd19e0000 - 0x00007ffbd1a8a000 	C:\Windows\system32\ADVAPI32.dll
0x00007ffbd1ff0000 - 0x00007ffbd2049000 	C:\Windows\SYSTEM32\sechost.dll
0x00007ffbd1cf0000 - 0x00007ffbd1e30000 	C:\Windows\system32\RPCRT4.dll
0x00007ffbd1390000 - 0x00007ffbd13be000 	C:\Windows\system32\SspiCli.dll
0x00007ffbd21c0000 - 0x00007ffbd21f6000 	C:\Windows\system32\IMM32.DLL
0x00007ffbd2060000 - 0x00007ffbd21b1000 	C:\Windows\system32\MSCTF.dll
0x00007ffbb9740000 - 0x00007ffbb974c000 	F:\contents_spring\sts-4.10.0.RELEASE\plugins\org.eclipse.justj.openjdk.hotspot.jre.full.win32.x86_64_15.0.2.v20210201-0955\jre\bin\vcruntime140_1.dll
0x00007ffbb7eb0000 - 0x00007ffbb7f41000 	F:\contents_spring\sts-4.10.0.RELEASE\plugins\org.eclipse.justj.openjdk.hotspot.jre.full.win32.x86_64_15.0.2.v20210201-0955\jre\bin\msvcp140.dll
0x00007ffbb9730000 - 0x00007ffbb9733000 	F:\contents_spring\sts-4.10.0.RELEASE\plugins\org.eclipse.justj.openjdk.hotspot.jre.full.win32.x86_64_15.0.2.v20210201-0955\jre\bin\api-ms-win-crt-time-l1-1-0.dll
0x00007ffbb8c20000 - 0x00007ffbb8c23000 	F:\contents_spring\sts-4.10.0.RELEASE\plugins\org.eclipse.justj.openjdk.hotspot.jre.full.win32.x86_64_15.0.2.v20210201-0955\jre\bin\api-ms-win-crt-utility-l1-1-0.dll
0x00007ffb98490000 - 0x00007ffb98fee000 	F:\contents_spring\sts-4.10.0.RELEASE\plugins\org.eclipse.justj.openjdk.hotspot.jre.full.win32.x86_64_15.0.2.v20210201-0955\jre\bin\server\jvm.dll
0x00007ffbc69a0000 - 0x00007ffbc69a9000 	C:\Windows\SYSTEM32\WSOCK32.dll
0x00007ffbc9580000 - 0x00007ffbc95a2000 	C:\Windows\SYSTEM32\WINMM.dll
0x00007ffbd1a90000 - 0x00007ffbd1a97000 	C:\Windows\system32\PSAPI.DLL
0x00007ffbd3d50000 - 0x00007ffbd3daa000 	C:\Windows\system32\WS2_32.dll
0x00007ffbc9550000 - 0x00007ffbc957a000 	C:\Windows\SYSTEM32\WINMMBASE.dll
0x00007ffbd3e90000 - 0x00007ffbd3e99000 	C:\Windows\system32\NSI.dll
0x00007ffbd13c0000 - 0x00007ffbd140f000 	C:\Windows\SYSTEM32\cfgmgr32.dll
0x00007ffbcfdf0000 - 0x00007ffbcfe18000 	C:\Windows\SYSTEM32\DEVOBJ.dll
0x00007ffbc7c20000 - 0x00007ffbc7c2a000 	F:\contents_spring\sts-4.10.0.RELEASE\plugins\org.eclipse.justj.openjdk.hotspot.jre.full.win32.x86_64_15.0.2.v20210201-0955\jre\bin\jimage.dll
0x00007ffbc3d70000 - 0x00007ffbc3ef9000 	C:\Windows\SYSTEM32\DBGHELP.DLL
0x00007ffbc1ec0000 - 0x00007ffbc1ee5000 	F:\contents_spring\sts-4.10.0.RELEASE\plugins\org.eclipse.justj.openjdk.hotspot.jre.full.win32.x86_64_15.0.2.v20210201-0955\jre\bin\java.dll
0x00007ffbbda90000 - 0x00007ffbbdaa8000 	F:\contents_spring\sts-4.10.0.RELEASE\plugins\org.eclipse.justj.openjdk.hotspot.jre.full.win32.x86_64_15.0.2.v20210201-0955\jre\bin\zip.dll
0x00007ffbd2650000 - 0x00007ffbd3b7b000 	C:\Windows\system32\SHELL32.dll
0x00007ffbd17d0000 - 0x00007ffbd19e0000 	C:\Windows\SYSTEM32\combase.dll
0x00007ffbd3c40000 - 0x00007ffbd3c94000 	C:\Windows\system32\SHLWAPI.dll
0x00007ffbcf180000 - 0x00007ffbcf232000 	C:\Windows\SYSTEM32\SHCORE.dll
0x00007ffbd0fd0000 - 0x00007ffbd0fe5000 	C:\Windows\SYSTEM32\profapi.dll
0x00007ffbbda70000 - 0x00007ffbbda89000 	F:\contents_spring\sts-4.10.0.RELEASE\plugins\org.eclipse.justj.openjdk.hotspot.jre.full.win32.x86_64_15.0.2.v20210201-0955\jre\bin\net.dll
0x00007ffbc72a0000 - 0x00007ffbc7369000 	C:\Windows\SYSTEM32\WINHTTP.dll
0x00007ffbd0800000 - 0x00007ffbd0859000 	C:\Windows\system32\mswsock.dll
0x00007ffbb9790000 - 0x00007ffbb97a2000 	F:\contents_spring\sts-4.10.0.RELEASE\plugins\org.eclipse.justj.openjdk.hotspot.jre.full.win32.x86_64_15.0.2.v20210201-0955\jre\bin\nio.dll
0x00007ffbc5030000 - 0x00007ffbc5040000 	F:\contents_spring\sts-4.10.0.RELEASE\plugins\org.eclipse.justj.openjdk.hotspot.jre.full.win32.x86_64_15.0.2.v20210201-0955\jre\bin\verify.dll
0x00007ffbcb490000 - 0x00007ffbcb4ba000 	C:\Windows\SYSTEM32\IPHLPAPI.DLL
0x00007ffbcb480000 - 0x00007ffbcb48a000 	C:\Windows\SYSTEM32\WINNSI.DLL
0x00007ffbcafa0000 - 0x00007ffbcafb6000 	C:\Windows\SYSTEM32\dhcpcsvc6.DLL
0x00007ffbcb1f0000 - 0x00007ffbcb20a000 	C:\Windows\SYSTEM32\dhcpcsvc.DLL

dbghelp: loaded successfully - version: 4.0.5 - missing functions: none
symbol engine: initialized successfully - sym options: 0x614 - pdb path: .;F:\contents_spring\sts-4.10.0.RELEASE\plugins\org.eclipse.justj.openjdk.hotspot.jre.full.win32.x86_64_15.0.2.v20210201-0955\jre\bin;C:\Windows\SYSTEM32;C:\Windows\WinSxS\amd64_microsoft.windows.common-controls_6595b64144ccf1df_6.0.9600.18006_none_623f33d3ecbe86e8;F:\contents_spring\sts-4.10.0.RELEASE\plugins\org.eclipse.justj.openjdk.hotspot.jre.full.win32.x86_64_15.0.2.v20210201-0955\jre\bin\server

VM Arguments:
jvm_args: -ea -Dfile.encoding=UTF-8 -XX:+ShowCodeDetailsInExceptionMessages 
java_command: org.eclipse.jdt.internal.junit.runner.RemoteTestRunner -version 3 -port 56987 -testLoaderClass org.eclipse.jdt.internal.junit4.runner.JUnit4TestLoader -loaderpluginname org.eclipse.jdt.junit4.runtime -classNames org.zerock.persistence.BoardMapperTests
java_class_path (initial): C:\Users\Dohee\git\spring01\spring01\target\test-classes;C:\Users\Dohee\git\spring01\spring01\target\classes;F:\contents_spring\sts-4.10.0.RELEASE\plugins\org.junit_4.13.0.v20200204-1500.jar;F:\contents_spring\sts-4.10.0.RELEASE\plugins\org.hamcrest.core_1.3.0.v20180420-1519.jar;F:\0_Programing\apache-tomcat-9.0.43\lib\annotations-api.jar;F:\0_Programing\apache-tomcat-9.0.43\lib\catalina-ant.jar;F:\0_Programing\apache-tomcat-9.0.43\lib\catalina-ha.jar;F:\0_Programing\apache-tomcat-9.0.43\lib\catalina-ssi.jar;F:\0_Programing\apache-tomcat-9.0.43\lib\catalina-storeconfig.jar;F:\0_Programing\apache-tomcat-9.0.43\lib\catalina-tribes.jar;F:\0_Programing\apache-tomcat-9.0.43\lib\catalina.jar;F:\0_Programing\apache-tomcat-9.0.43\lib\ecj-4.18.jar;F:\0_Programing\apache-tomcat-9.0.43\lib\el-api.jar;F:\0_Programing\apache-tomcat-9.0.43\lib\jasper-el.jar;F:\0_Programing\apache-tomcat-9.0.43\lib\jasper.jar;F:\0_Programing\apache-tomcat-9.0.43\lib\jaspic-api.jar;F:\0_Programing\apache-tomcat-9.0.43\lib\jsp-api.jar;F:\0_Programing\apache-tomcat-9.0.43\lib\servlet-api.jar;F:\0_Programing\apache-tomcat-9.0.43\lib\tomcat-api.jar;F:\0_Programing\apache-tomcat-9.0.43\lib\tomcat-coyote.jar;F:\0_Programing\apache-tomcat-9.0.43\lib\tomcat-dbcp.jar;F:\0_Programing\apache-tomcat-9.0.43\lib\tomcat-i18n-cs.jar;F:\0_Programing\apache-tomcat-9.0.43\lib\tomcat-i18n-de.jar;F:\0_Programing\apache-tomcat-9.0.43\lib\tomcat-i18n-es.jar;F:\0_Programing\apache-tomcat-9.0.43\lib\tomcat-i18n-fr.jar;F:\0_Programing\apache-tomcat-9.0.43\lib\tomcat-i18n-ja.jar;F:\0_Programing\apache-tomcat-9.0.43\lib\tomcat-i18n-ko.jar;F:\0_Programing\apache-tomcat-9.0.43\lib\tomcat-i18n-pt-BR.jar;F:\0_Programing\apache-tomcat-9.0.43\lib\tomcat-i18n-ru.jar;F:\0_Programing\apache-tomcat-9.0.43\lib\tomcat-i18n-zh-CN.jar;F:\0_Programing\apache-tomcat-9.0.43\lib\tomcat-jdbc.jar;F:\0_Programing\apache-tomcat-9.0.43\lib\tomcat-jni.jar;F:\0_Programing\apache-tomcat-9.0.43\lib\tomcat-util-scan.jar;F:\0
Launcher Type: SUN_STANDARD

[Global flags]
     intx CICompilerCount                          = 3                                         {product} {ergonomic}
     uint ConcGCThreads                            = 1                                         {product} {ergonomic}
     uint G1ConcRefinementThreads                  = 4                                         {product} {ergonomic}
   size_t G1HeapRegionSize                         = 1048576                                   {product} {ergonomic}
    uintx GCDrainStackTargetSize                   = 64                                        {product} {ergonomic}
   size_t InitialHeapSize                          = 134217728                                 {product} {ergonomic}
   size_t MarkStackSize                            = 4194304                                   {product} {ergonomic}
   size_t MaxHeapSize                              = 2124414976                                {product} {ergonomic}
   size_t MaxNewSize                               = 1274019840                                {product} {ergonomic}
   size_t MinHeapDeltaBytes                        = 1048576                                   {product} {ergonomic}
   size_t MinHeapSize                              = 8388608                                   {product} {ergonomic}
    uintx NonNMethodCodeHeapSize                   = 5832780                                {pd product} {ergonomic}
    uintx NonProfiledCodeHeapSize                  = 122912730                              {pd product} {ergonomic}
    uintx ProfiledCodeHeapSize                     = 122912730                              {pd product} {ergonomic}
    uintx ReservedCodeCacheSize                    = 251658240                              {pd product} {ergonomic}
     bool SegmentedCodeCache                       = true                                      {product} {ergonomic}
     bool ShowCodeDetailsInExceptionMessages       = true                                   {manageable} {command line}
   size_t SoftMaxHeapSize                          = 2124414976                             {manageable} {ergonomic}
     bool UseCompressedClassPointers               = true                                 {lp64_product} {ergonomic}
     bool UseCompressedOops                        = true                                 {lp64_product} {ergonomic}
     bool UseG1GC                                  = true                                      {product} {ergonomic}
     bool UseLargePagesIndividualAllocation        = false                                  {pd product} {ergonomic}

Logging:
Log output configuration:
 #0: stdout all=warning uptime,level,tags
 #1: stderr all=off uptime,level,tags

Environment Variables:
JAVA_HOME=C:\Program Files\Java\jdk-11.0.10
PATH=F:/contents_spring/sts-4.10.0.RELEASE//plugins/org.eclipse.justj.openjdk.hotspot.jre.full.win32.x86_64_15.0.2.v20210201-0955/jre/bin/server;F:/contents_spring/sts-4.10.0.RELEASE//plugins/org.eclipse.justj.openjdk.hotspot.jre.full.win32.x86_64_15.0.2.v20210201-0955/jre/bin;C:\Program Files\Java\jdk-11.0.10\bin\bin;F:\0_Programing\DBwork\OracleXE184\dbhomeXE\bin;C:\Program Files\Common Files\Oracle\Java\javapath;C:\Program Files (x86)\NAT Service;C:\Windows\system32;C:\Windows;C:\Windows\System32\Wbem;C:\Windows\System32\WindowsPowerShell\v1.0\;C:\Program Files\Intel\WiFi\bin\;C:\Program Files\Common Files\Intel\WirelessCommon\;%MAVEN_HOME%\bin;C:\Users\Dohee\anaconda3;C:\Users\Dohee\anaconda3\Library\mingw-w64\bin;C:\Users\Dohee\anaconda3\Library\usr\bin;C:\Users\Dohee\anaconda3\Library\bin;C:\Users\Dohee\anaconda3\Scripts;C:\Users\Dohee\AppData\Local\Programs\Git\cmd;F:\contents_spring\sts-4.10.0.RELEASE;
USERNAME=Dohee
OS=Windows_NT
PROCESSOR_IDENTIFIER=Intel64 Family 6 Model 61 Stepping 4, GenuineIntel



---------------  S Y S T E M  ---------------

OS:
 Windows 8.1 , 64 bit Build 9600 (6.3.9600.17415)
OS uptime: 10 days 16:39 hours

CPU: total 4 (initial active 4) (2 cores per cpu, 2 threads per core) family 6 model 61 stepping 4 microcode 0x1f, cmov, cx8, fxsr, mmx, sse, sse2, sse3, ssse3, sse4.1, sse4.2, popcnt, vzeroupper, avx, avx2, aes, clmul, erms, 3dnowpref, lzcnt, ht, tsc, tscinvbit, bmi1, bmi2, adx, fma, clflush

Memory: 4k page, system-wide physical 8097M (1069M free)
TotalPageFile size 11169M (AvailPageFile size 4M)
current process WorkingSet (physical memory assigned to process): 76M, peak: 76M
current process commit charge ("private bytes"): 217M, peak: 217M

vm_info: OpenJDK 64-Bit Server VM (15.0.2+7-27) for windows-amd64 JRE (15.0.2+7-27), built on Dec  7 2020 20:02:38 by "mach5one" with unknown MS VC++:1925

END.
